<?xml version="1.0" encoding="UTF-8"?>
<testng-results skipped="0" failed="0" ignored="0" total="2" passed="2">
  <reporter-output>
  </reporter-output>
  <suite name="Default suite" duration-ms="1785" started-at="2018-06-07T11:44:37Z" finished-at="2018-06-07T11:44:39Z">
    <groups>
    </groups>
    <test name="Default test" duration-ms="1785" started-at="2018-06-07T11:44:37Z" finished-at="2018-06-07T11:44:39Z">
      <class name="getRequest.getdata">
        <test-method status="PASS" signature="testBody()[pri:0, instance:getRequest.getdata@55f3ddb1]" name="testBody" duration-ms="1564" started-at="2018-06-07T11:44:37Z" finished-at="2018-06-07T11:44:38Z">
          <reporter-output>
          </reporter-output>
        </test-method> <!-- testBody -->
        <test-method status="PASS" signature="testResponseCode()[pri:0, instance:getRequest.getdata@55f3ddb1]" name="testResponseCode" duration-ms="192" started-at="2018-06-07T11:44:38Z" finished-at="2018-06-07T11:44:39Z">
          <reporter-output>
          </reporter-output>
        </test-method> <!-- testResponseCode -->
      </class> <!-- getRequest.getdata -->
    </test> <!-- Default test -->
  </suite> <!-- Default suite -->
</testng-results>
